<?xml version="1.0" encoding="UTF-8"?>
<!-- Generated by org.testng.reporters.JUnitXMLReporter -->
<testsuite hostname="RAM" name="Default test" tests="5" failures="0" timestamp="21 Jun 2021 05:56:05 GMT" time="0.164" errors="0">
  <testcase name="tc0" time="0.025" classname="org.mia.Abcd"/>
  <testcase name="tc1" time="0.003" classname="org.mia.Abcd"/>
  <testcase name="tc2" time="0.002" classname="org.mia.Abcd"/>
  <testcase name="tc3" time="0.002" classname="org.mia.Abcd"/>
  <testcase name="tc4" time="0.002" classname="org.mia.Abcd"/>
</testsuite> <!-- Default test -->
